Starting Dynare (version 4.8-unstable-2021-11-09-1819-43ac7633).
Calling Dynare with arguments: none
Starting preprocessing of the model file ...
Found 8 equation(s).
Evaluating expressions...done
Computing static model derivatives (order 1).
Computing dynamic model derivatives (order 2).
Processing outputs ...
done
Preprocessing completed.

Initial value of the log posterior (or likelihood): -29703.1649

==========================================================
   Change in the posterior covariance matrix = 9.9994.
   Change in the posterior mean = 7.7917.
   Current mode = 353.1825
   Mode improvement = 29349.9824
   New value of jscale = 0.0047699
==========================================================

==========================================================
   Change in the posterior covariance matrix = 0.18038.
   Change in the posterior mean = 76.0854.
   Current mode = 450.5816
   Mode improvement = 97.399
   New value of jscale = 0.51131
==========================================================

==========================================================
   Change in the posterior covariance matrix = 31.7386.
   Change in the posterior mean = 50.7603.
   Current mode = 351.0161
   Mode improvement = 99.5655
   New value of jscale = 0.87189
==========================================================

Optimal value of the scale parameter = 0.87189


Final value of minus the log posterior (or likelihood):351.016099 

RESULTS FROM POSTERIOR ESTIMATION
parameters
              prior mean     mode    s.d.  prior pstdev

theta             0.5000   0.0516  0.0221   unif 0.2887 
psi               0.5000   0.0000  0.0008   unif 0.2887 

standard deviation of shocks
              prior mean     mode    s.d.  prior pstdev

eps_z            78.1330 172.8985  5.6664   invg    Inf 
measure_error     0.1624   0.2519  0.0234   invg    Inf 


Log data density [Laplace approximation] is -360.505462.

Estimation::mcmc: Multiple chains mode.
Estimation::mcmc: Searching for initial values...
Estimation::mcmc: Initial values found!

Estimation::mcmc: Write details about the MCMC... Ok!
Estimation::mcmc: Details about the MCMC are available in adjustment_est_D/metropolis/adjustment_est_D_mh_history_0.mat


Estimation::mcmc: Number of mh files: 1 per block.
Estimation::mcmc: Total number of generated files: 2.
Estimation::mcmc: Total number of iterations: 20000.
Estimation::mcmc: Current acceptance ratio per chain: 
                                                       Chain  1: 23.18%
                                                       Chain  2: 26.45%
Estimation::mcmc: Total number of MH draws per chain: 20000.
Estimation::mcmc: Total number of generated MH files: 1.
Estimation::mcmc: I'll use mh-files 1 to 1.
Estimation::mcmc: In MH-file number 1 I'll start at line 10001.
Estimation::mcmc: Finally I keep 10000 draws per chain.



MCMC Inefficiency factors per block
Parameter              Block 1     Block 2
SE_eps_z               529.531     580.753
SE_measure_error        54.158      57.163
theta                  495.345     528.969
psi                    191.333     294.826

Estimation::mcmc::diagnostics: Univariate convergence diagnostic, Brooks and Gelman (1998):
    Parameter 1...  Done! 
    Parameter 2...  Done! 
    Parameter 3...  Done! 
    Parameter 4...  Done! 

Estimation::marginal density: I'm computing the posterior mean and covariance...  Done!
Estimation::marginal density: I'm computing the posterior log marginal density (modified harmonic mean)... Done!


ESTIMATION RESULTS

Log data density is -360.527772.

parameters
                prior mean   post. mean        90% HPD interval    prior       pstdev

theta                0.500       0.1833      0.0335      0.4150     unif       0.2887
psi                  0.500       0.0004      0.0000      0.0010     unif       0.2887

standard deviation of shocks
                prior mean   post. mean        90% HPD interval    prior       pstdev

eps_z               78.133     114.3764     41.4847    185.1721     invg          Inf
measure_error        0.162       0.2595      0.2202      0.2943     invg          Inf
Total computing time : 2h02m25s
