\BOOKMARK [1][-]{section.1}{\376\377\000I\000n\000t\000r\000o\000d\000u\000c\000t\000i\000o\000n}{}% 1
\BOOKMARK [1][-]{section.2}{\376\377\000T\000a\000x\000\040\000F\000u\000n\000c\000t\000i\000o\000n}{}% 2
\BOOKMARK [2][-]{subsection.2.1}{\376\377\000E\000m\000p\000i\000r\000i\000c\000a\000l\000\040\000F\000i\000t}{section.2}% 3
\BOOKMARK [2][-]{subsection.2.2}{\376\377\000R\000o\000b\000u\000s\000t\000n\000e\000s\000s}{section.2}% 4
\BOOKMARK [2][-]{subsection.2.3}{\376\377\000D\000i\000s\000c\000u\000s\000s\000i\000o\000n}{section.2}% 5
\BOOKMARK [1][-]{section.3}{\376\377\000E\000c\000o\000n\000o\000m\000i\000c\000\040\000E\000n\000v\000i\000r\000o\000n\000m\000e\000n\000t}{}% 6
\BOOKMARK [2][-]{subsection.3.1}{\376\377\000D\000e\000m\000o\000g\000r\000a\000p\000h\000i\000c\000s}{section.3}% 7
\BOOKMARK [2][-]{subsection.3.2}{\376\377\000L\000i\000f\000e\000\040\000C\000y\000c\000l\000e}{section.3}% 8
\BOOKMARK [2][-]{subsection.3.3}{\376\377\000T\000e\000c\000h\000n\000o\000l\000o\000g\000y}{section.3}% 9
\BOOKMARK [2][-]{subsection.3.4}{\376\377\000P\000r\000e\000f\000e\000r\000e\000n\000c\000e\000s}{section.3}% 10
\BOOKMARK [2][-]{subsection.3.5}{\376\377\000L\000a\000b\000o\000r\000\040\000P\000r\000o\000d\000u\000c\000t\000i\000v\000i\000t\000y\000\040\000a\000n\000d\000\040\000E\000a\000r\000n\000i\000n\000g\000s}{section.3}% 11
\BOOKMARK [2][-]{subsection.3.6}{\376\377\000F\000i\000n\000a\000n\000c\000i\000a\000l\000\040\000A\000s\000s\000e\000t\000s}{section.3}% 12
\BOOKMARK [2][-]{subsection.3.7}{\376\377\000M\000a\000r\000k\000e\000t\000s}{section.3}% 13
\BOOKMARK [2][-]{subsection.3.8}{\376\377\000G\000o\000v\000e\000r\000n\000m\000e\000n\000t}{section.3}% 14
\BOOKMARK [2][-]{subsection.3.9}{\376\377\000A\000g\000e\000n\000t\000'\000s\000\040\000P\000r\000o\000b\000l\000e\000m}{section.3}% 15
\BOOKMARK [2][-]{subsection.3.10}{\376\377\000A\000\040\000S\000p\000e\000c\000i\000a\000l\000\040\000C\000a\000s\000e\000:\000\040\000T\000h\000e\000\040\000R\000e\000p\000r\000e\000s\000e\000n\000t\000a\000t\000i\000v\000e\000\040\000A\000g\000e\000n\000t\000'\000s\000\040\000P\000r\000o\000b\000l\000e\000m}{section.3}% 16
\BOOKMARK [1][-]{section.4}{\376\377\000E\000q\000u\000i\000l\000i\000b\000r\000i\000u\000m}{}% 17
\BOOKMARK [2][-]{subsection.4.1}{\376\377\000E\000f\000f\000i\000c\000i\000e\000n\000c\000y}{section.4}% 18
\BOOKMARK [1][-]{section.5}{\376\377\000W\000e\000l\000f\000a\000r\000e\000\040\000E\000f\000f\000e\000c\000t\000s\000\040\000o\000f\000\040\000T\000a\000x\000\040\000R\000e\000f\000o\000r\000m}{}% 19
\BOOKMARK [2][-]{subsection.5.1}{\376\377\000S\000o\000c\000i\000a\000l\000\040\000W\000e\000l\000f\000a\000r\000e\000\040\000F\000u\000n\000c\000t\000i\000o\000n}{section.5}% 20
\BOOKMARK [2][-]{subsection.5.2}{\376\377\000D\000e\000c\000o\000m\000p\000o\000s\000i\000t\000i\000o\000n\000\040\000o\000f\000\040\000t\000h\000e\000\040\000S\000o\000c\000i\000a\000l\000\040\000W\000e\000l\000f\000a\000r\000e\000\040\000F\000u\000n\000c\000t\000i\000o\000n}{section.5}% 21
\BOOKMARK [3][-]{subsubsection.5.2.1}{\376\377\000W\000e\000l\000f\000a\000r\000e\000\040\000o\000f\000\040\000t\000h\000e\000\040\000R\000e\000p\000r\000e\000s\000e\000n\000t\000a\000t\000i\000v\000e\000\040\000A\000g\000e\000n\000t}{subsection.5.2}% 22
\BOOKMARK [3][-]{subsubsection.5.2.2}{\376\377\000W\000e\000l\000f\000a\000r\000e\000\040\000f\000r\000o\000m\000\040\000S\000k\000i\000l\000l\000\040\000I\000n\000v\000e\000s\000t\000m\000e\000n\000t}{subsection.5.2}% 23
\BOOKMARK [3][-]{subsubsection.5.2.3}{\376\377\000W\000e\000l\000f\000a\000r\000e\000\040\000f\000r\000o\000m\000\040\000P\000r\000e\000f\000e\000r\000e\000n\000c\000e\000\040\000H\000e\000t\000e\000r\000o\000g\000e\000n\000e\000i\000t\000y\000\040\000a\000n\000d\000\040\000U\000n\000i\000n\000s\000u\000r\000a\000b\000l\000e\000\040\000W\000a\000g\000e\000\040\000R\000i\000s\000k}{subsection.5.2}% 24
\BOOKMARK [3][-]{subsubsection.5.2.4}{\376\377\000W\000e\000l\000f\000a\000r\000e\000\040\000f\000r\000o\000m\000\040\000I\000n\000s\000u\000r\000a\000b\000l\000e\000\040\000W\000a\000g\000e\000\040\000R\000i\000s\000k}{subsection.5.2}% 25
\BOOKMARK [2][-]{subsection.5.3}{\376\377\000W\000h\000e\000n\000\040\000S\000h\000o\000u\000l\000d\000\040\000T\000a\000x\000e\000s\000\040\000B\000e\000\040\000P\000r\000o\000g\000r\000e\000s\000s\000i\000v\000e\000?}{section.5}% 26
\BOOKMARK [2][-]{subsection.5.4}{\376\377\000O\000p\000t\000i\000m\000a\000l\000\040\000M\000a\000r\000g\000i\000n\000a\000l\000\040\000T\000a\000x\000\040\000R\000a\000t\000e\000\040\000a\000t\000\040\000t\000h\000e\000\040\000T\000o\000p}{section.5}% 27
\BOOKMARK [1][-]{section.6}{\376\377\000Q\000u\000a\000n\000t\000i\000t\000a\000t\000i\000v\000e\000\040\000A\000n\000a\000l\000y\000s\000i\000s}{}% 28
\BOOKMARK [2][-]{subsection.6.1}{\376\377\000P\000a\000r\000a\000m\000e\000t\000e\000r\000i\000z\000a\000t\000i\000o\000n}{section.6}% 29
\BOOKMARK [2][-]{subsection.6.2}{\376\377\000R\000e\000s\000u\000l\000t\000s}{section.6}% 30
\BOOKMARK [2][-]{subsection.6.3}{\376\377\000P\000r\000o\000g\000r\000e\000s\000s\000i\000v\000i\000t\000y\000\040\000W\000h\000e\000n\000\040\000P\000a\000s\000t\000\040\000S\000k\000i\000l\000l\000\040\000I\000n\000v\000e\000s\000t\000m\000e\000n\000t\000\040\000i\000s\000\040\000F\000i\000x\000e\000d}{section.6}% 31
\BOOKMARK [2][-]{subsection.6.4}{\376\377\000M\000o\000d\000e\000l\000i\000n\000g\000\040\000P\000u\000b\000l\000i\000c\000\040\000C\000o\000n\000s\000u\000m\000p\000t\000i\000o\000n}{section.6}% 32
\BOOKMARK [2][-]{subsection.6.5}{\376\377\000I\000n\000e\000q\000u\000a\000l\000i\000t\000y\000\040\000A\000v\000e\000r\000s\000i\000o\000n}{section.6}% 33
\BOOKMARK [2][-]{subsection.6.6}{\376\377\000P\000o\000l\000i\000t\000i\000c\000a\000l\000-\000E\000c\000o\000n\000o\000m\000i\000c\000\040\000D\000e\000t\000e\000r\000m\000i\000n\000a\000t\000i\000o\000n\000\040\000o\000f\000\040\000P\000r\000o\000g\000r\000e\000s\000s\000i\000v\000i\000t\000y}{section.6}% 34
\BOOKMARK [1][-]{section.7}{\376\377\000S\000k\000i\000l\000l\000\040\000I\000n\000v\000e\000s\000t\000m\000e\000n\000t\000\040\000C\000o\000n\000s\000t\000r\000a\000i\000n\000t\000s}{}% 35
\BOOKMARK [1][-]{section.8}{\376\377\000E\000m\000p\000i\000r\000i\000c\000a\000l\000\040\000E\000v\000i\000d\000e\000n\000c\000e}{}% 36
\BOOKMARK [1][-]{section.9}{\376\377\000C\000o\000n\000c\000l\000u\000s\000i\000o\000n\000s}{}% 37
